Warning: Design 'dma_top' has '4' unresolved references. For more detailed information, use the "link" command. (UID-341)
 
****************************************
Report : timing
        -path full
        -delay max
        -max_paths 1
Design : dma_top
Version: V-2023.12
Date   : Sat Jun 20 10:23:50 2026
****************************************

Operating Conditions: tt0p78vn40c   Library: saed32rvt_tt0p78vn40c
Wire Load Model Mode: enclosed

  Startpoint: U1/done (internal pin)
  Endpoint: done (output port)
  Path Group: (none)
  Path Type: max

  Des/Clust/Port     Wire Load Model       Library
  ------------------------------------------------
  dma_top            ForQA                 saed32rvt_tt0p78vn40c

  Point                                    Incr       Path
  -----------------------------------------------------------
  U1/done (dma_fsm)                        0.00       0.00 r
  done (out)                               0.00       0.00 r
  data arrival time                                   0.00
  -----------------------------------------------------------
  (Path is unconstrained)


1
